2022/06/21 21:57:46 -------------------------------------------------------------------
2022/06/21 21:57:46 danser-go version: 0.6.8
2022/06/21 21:57:46 Ran using: [D:\Project\osu-discord-bot\danser--go\danser.exe -replay=D:\Project\osu-discord-bot\plays\osr\DILAN_NAXUY_-_Marshmello_-_Alone_Hazus_Insane_2022-06-03_Osu.osr -record]
2022/06/21 21:57:46 OS:  Microsoft Windows 10 Pro 10.0.22000 Build 22000
2022/06/21 21:57:46 CPU: Intel(R) Xeon(R) CPU E5-2650 v2 @ 2.60GHz, 16 cores
2022/06/21 21:57:46 RAM: 16 GiB
2022/06/21 21:57:46 -------------------------------------------------------------------
2022/06/21 21:57:46 Checking GitHub for a new version of danser...
2022/06/21 21:57:46 You're using an older version of danser.
2022/06/21 21:57:46 You can download a newer version here: https://github.com/Wieku/danser-go/releases/tag/0.6.9
2022/06/21 21:57:49 SettingsManager: Loading "D:\Project\osu-discord-bot\danser--go\settings\default.json"
2022/06/21 21:57:49 DatabaseManager: Initializing database...
2022/06/21 21:57:49 DatabaseManager: Database schema version: 20210423
2022/06/21 21:57:49 DatabaseManager: Database data version: 20210423
2022/06/21 21:57:49 DatabaseManager: Scanning "D:\GAmes\osu!\Songs" for .osu files...
2022/06/21 21:57:49 DatabaseManager: Scan complete. Found 17348 files.
2022/06/21 21:57:49 DatabaseManager: Comparing files with database...
2022/06/21 21:57:49 DatabaseManager: New beatmap found: Madsonik & Kill The Noise - Divebomb (feat. Tom Morello) (Ksardas) [DIVE BOMB].osu
2022/06/21 21:57:50 DatabaseManager: New beatmap found: Mr.Marmok - One More Time (Scream22) [Extra-X-].osu
2022/06/21 21:57:50 DatabaseManager: New beatmap found: Mr.Marmok - One More Time (Scream22) [QweFuuL].osu
2022/06/21 21:57:50 DatabaseManager: New beatmap found: Mr.Marmok - One More Time (Scream22) [SPEED SLIDER].osu
2022/06/21 21:57:50 DatabaseManager: Compare complete.
2022/06/21 21:57:50 DatabaseManager: Starting import of 4 maps...
2022/06/21 21:57:50 DatabaseManager: Importing: 702209 MrMarmok - One More Time\Mr.Marmok - One More Time (Scream22) [Extra-X-].osu
2022/06/21 21:57:50 DatabaseManager: Importing: 702209 MrMarmok - One More Time\Mr.Marmok - One More Time (Scream22) [SPEED SLIDER].osu
2022/06/21 21:57:50 DatabaseManager: Importing: 702209 MrMarmok - One More Time\Mr.Marmok - One More Time (Scream22) [QweFuuL].osu
2022/06/21 21:57:50 DatabaseManager: Importing: 574824 Madsonik & Kill The Noise - Divebomb (feat Tom Morello)\Madsonik & Kill The Noise - Divebomb (feat. Tom Morello) (Ksardas) [DIVE BOMB].osu
2022/06/21 21:57:50 DatabaseManager: Failed to import: 574824 Madsonik & Kill The Noise - Divebomb (feat Tom Morello)\Madsonik & Kill The Noise - Divebomb (feat. Tom Morello) (Ksardas) [DIVE BOMB].osu
2022/06/21 21:57:50 DatabaseManager: Failed to import: 702209 MrMarmok - One More Time\Mr.Marmok - One More Time (Scream22) [SPEED SLIDER].osu
2022/06/21 21:57:50 DatabaseManager: Failed to import: 702209 MrMarmok - One More Time\Mr.Marmok - One More Time (Scream22) [QweFuuL].osu
2022/06/21 21:57:50 DatabaseManager: Failed to import: 702209 MrMarmok - One More Time\Mr.Marmok - One More Time (Scream22) [Extra-X-].osu
2022/06/21 21:57:50 DatabaseManager: Imported 0 new/updated beatmaps. Inserting to database...
2022/06/21 21:57:50 DatabaseManager: Insert complete.
2022/06/21 21:57:50 DatabaseManager: Loading beatmaps from database...
2022/06/21 21:57:50 DatabaseManager: Loaded 30879 total.
2022/06/21 21:57:50 Initializing GLFW...
2022/06/21 21:57:51 GLFW initialized!
2022/06/21 21:57:51 GL Vendor:     ATI Technologies Inc.
2022/06/21 21:57:51 GL Renderer:   Radeon RX550/550 Series
2022/06/21 21:57:51 GL Version:    3.3.14800 Core Profile Forward-Compatible Context 22.5.1 30.0.15021.11005
2022/06/21 21:57:51 GLSL Version:  4.60
2022/06/21 21:57:51 GL Extensions: GL_AMDX_debug_output GL_AMD_blend_minmax_factor GL_AMD_conservative_depth GL_AMD_debug_output GL_AMD_depth_clamp_separate GL_AMD_draw_buffers_blend GL_AMD_framebuffer_sample_positions GL_AMD_gcn_shader GL_AMD_gpu_shader_half_float GL_AMD_gpu_shader_int16 GL_AMD_gpu_shader_int64 GL_AMD_interleaved_elements GL_AMD_multi_draw_indirect GL_AMD_name_gen_delete GL_AMD_occlusion_query_event GL_AMD_performance_monitor GL_AMD_pinned_memory GL_AMD_query_buffer_object GL_AMD_sample_positions GL_AMD_seamless_cubemap_per_texture GL_AMD_shader_atomic_counter_ops GL_AMD_shader_stencil_export GL_AMD_shader_stencil_value_export GL_AMD_shader_trace GL_AMD_shader_trinary_minmax GL_AMD_sparse_texture GL_AMD_sparse_texture_pool GL_AMD_stencil_operation_extended GL_AMD_texture_cube_map_array GL_AMD_texture_texture4 GL_AMD_transform_feedback3_lines_triangles GL_AMD_transform_feedback4 GL_AMD_vertex_shader_layer GL_AMD_vertex_shader_viewport_index GL_ARB_ES2_compatibility GL_ARB_ES3_1_compatibility GL_ARB_ES3_compatibility GL_ARB_arrays_of_arrays GL_ARB_base_instance GL_ARB_bindless_texture GL_ARB_blend_func_extended GL_ARB_buffer_storage GL_ARB_clear_buffer_object GL_ARB_clear_texture GL_ARB_clip_control GL_ARB_color_buffer_float GL_ARB_compressed_texture_pixel_storage GL_ARB_compute_shader GL_ARB_conditional_render_inverted GL_ARB_conservative_depth GL_ARB_copy_buffer GL_ARB_copy_image GL_ARB_cull_distance GL_ARB_debug_output GL_ARB_depth_buffer_float GL_ARB_depth_clamp GL_ARB_depth_texture GL_ARB_derivative_control GL_ARB_direct_state_access GL_ARB_draw_buffers GL_ARB_draw_buffers_blend GL_ARB_draw_elements_base_vertex GL_ARB_draw_indirect GL_ARB_draw_instanced GL_ARB_enhanced_layouts GL_ARB_explicit_attrib_location GL_ARB_explicit_uniform_location GL_ARB_fragment_coord_conventions GL_ARB_fragment_layer_viewport GL_ARB_fragment_program GL_ARB_fragment_program_shadow GL_ARB_fragment_shader GL_ARB_framebuffer_no_attachments GL_ARB_framebuffer_object GL_ARB_framebuffer_sRGB GL_ARB_geometry_shader4 GL_ARB_get_program_binary GL_ARB_get_texture_sub_image GL_ARB_gl_spirv GL_ARB_gpu_shader5 GL_ARB_gpu_shader_fp64 GL_ARB_half_float_pixel GL_ARB_half_float_vertex GL_ARB_imaging GL_ARB_indirect_parameters GL_ARB_instanced_arrays GL_ARB_internalformat_query GL_ARB_internalformat_query2 GL_ARB_invalidate_subdata GL_ARB_map_buffer_alignment GL_ARB_map_buffer_range GL_ARB_multi_bind GL_ARB_multi_draw_indirect GL_ARB_multisample GL_ARB_multitexture GL_ARB_occlusion_query GL_ARB_occlusion_query2 GL_ARB_parallel_shader_compile GL_ARB_pipeline_statistics_query GL_ARB_pixel_buffer_object GL_ARB_point_parameters GL_ARB_point_sprite GL_ARB_polygon_offset_clamp GL_ARB_program_interface_query GL_ARB_provoking_vertex GL_ARB_query_buffer_object GL_ARB_robust_buffer_access_behavior GL_ARB_sample_shading GL_ARB_sampler_objects GL_ARB_seamless_cube_map GL_ARB_seamless_cubemap_per_texture GL_ARB_separate_shader_objects GL_ARB_shader_atomic_counter_ops GL_ARB_shader_atomic_counters GL_ARB_shader_ballot GL_ARB_shader_bit_encoding GL_ARB_shader_draw_parameters GL_ARB_shader_group_vote GL_ARB_shader_image_load_store GL_ARB_shader_image_size GL_ARB_shader_objects GL_ARB_shader_precision GL_ARB_shader_stencil_export GL_ARB_shader_storage_buffer_object GL_ARB_shader_subroutine GL_ARB_shader_texture_image_samples GL_ARB_shader_texture_lod GL_ARB_shader_viewport_layer_array GL_ARB_shading_language_100 GL_ARB_shading_language_420pack GL_ARB_shading_language_include GL_ARB_shading_language_packing GL_ARB_shadow GL_ARB_shadow_ambient GL_ARB_sparse_buffer GL_ARB_sparse_texture GL_ARB_spirv_extensions GL_ARB_stencil_texturing GL_ARB_sync GL_ARB_tessellation_shader GL_ARB_texture_barrier GL_ARB_texture_border_clamp GL_ARB_texture_buffer_object GL_ARB_texture_buffer_object_rgb32 GL_ARB_texture_buffer_range GL_ARB_texture_compression GL_ARB_texture_compression_bptc GL_ARB_texture_compression_rgtc GL_ARB_texture_cube_map GL_ARB_texture_cube_map_array GL_ARB_texture_env_add GL_ARB_texture_env_combine GL_ARB_texture_env_crossbar GL_ARB_texture_env_dot3 GL_ARB_texture_float GL_ARB_texture_gather GL_ARB_texture_mirror_clamp_to_edge GL_ARB_texture_mirrored_repeat GL_ARB_texture_multisample GL_ARB_texture_non_power_of_two GL_ARB_texture_query_levels GL_ARB_texture_query_lod GL_ARB_texture_rectangle GL_ARB_texture_rg GL_ARB_texture_rgb10_a2ui GL_ARB_texture_snorm GL_ARB_texture_stencil8 GL_ARB_texture_storage GL_ARB_texture_storage_multisample GL_ARB_texture_swizzle GL_ARB_texture_view GL_ARB_timer_query GL_ARB_transform_feedback2 GL_ARB_transform_feedback3 GL_ARB_transform_feedback_instanced GL_ARB_transform_feedback_overflow_query GL_ARB_transpose_matrix GL_ARB_uniform_buffer_object GL_ARB_vertex_array_bgra GL_ARB_vertex_array_object GL_ARB_vertex_attrib_64bit GL_ARB_vertex_attrib_binding GL_ARB_vertex_buffer_object GL_ARB_vertex_program GL_ARB_vertex_shader GL_ARB_vertex_type_10f_11f_11f_rev GL_ARB_vertex_type_2_10_10_10_rev GL_ARB_viewport_array GL_ARB_window_pos GL_ATI_draw_buffers GL_ATI_envmap_bumpmap GL_ATI_fragment_shader GL_ATI_separate_stencil GL_ATI_texture_compression_3dc GL_ATI_texture_env_combine3 GL_ATI_texture_float GL_ATI_texture_mirror_once GL_EXT_abgr GL_EXT_bgra GL_EXT_bindable_uniform GL_EXT_blend_color GL_EXT_blend_equation_separate GL_EXT_blend_func_separate GL_EXT_blend_minmax GL_EXT_blend_subtract GL_EXT_compiled_vertex_array GL_EXT_copy_buffer GL_EXT_copy_texture GL_EXT_depth_bounds_test GL_EXT_direct_state_access GL_EXT_draw_buffers2 GL_EXT_draw_instanced GL_EXT_draw_range_elements GL_EXT_fog_coord GL_EXT_framebuffer_blit GL_EXT_framebuffer_multisample GL_EXT_framebuffer_object GL_EXT_framebuffer_sRGB GL_EXT_geometry_shader4 GL_EXT_gpu_program_parameters GL_EXT_gpu_shader4 GL_EXT_histogram GL_EXT_memory_object GL_EXT_memory_object_win32 GL_EXT_multi_draw_arrays GL_EXT_packed_depth_stencil GL_EXT_packed_float GL_EXT_packed_pixels GL_EXT_pixel_buffer_object GL_EXT_point_parameters GL_EXT_polygon_offset_clamp GL_EXT_provoking_vertex GL_EXT_rescale_normal GL_EXT_secondary_color GL_EXT_semaphore GL_EXT_semaphore_win32 GL_EXT_separate_specular_color GL_EXT_shader_image_load_store GL_EXT_shader_integer_mix GL_EXT_shadow_funcs GL_EXT_stencil_wrap GL_EXT_subtexture GL_EXT_texgen_reflection GL_EXT_texture3D GL_EXT_texture_array GL_EXT_texture_buffer_object GL_EXT_texture_compression_bptc GL_EXT_texture_compression_latc GL_EXT_texture_compression_rgtc GL_EXT_texture_compression_s3tc GL_EXT_texture_cube_map GL_EXT_texture_edge_clamp GL_EXT_texture_env_add GL_EXT_texture_env_combine GL_EXT_texture_env_dot3 GL_EXT_texture_filter_anisotropic GL_EXT_texture_integer GL_EXT_texture_lod GL_EXT_texture_lod_bias GL_EXT_texture_mirror_clamp GL_EXT_texture_object GL_EXT_texture_rectangle GL_EXT_texture_sRGB GL_EXT_texture_sRGB_R8 GL_EXT_texture_sRGB_RG8 GL_EXT_texture_sRGB_decode GL_EXT_texture_shared_exponent GL_EXT_texture_snorm GL_EXT_texture_storage GL_EXT_texture_swizzle GL_EXT_timer_query GL_EXT_transform_feedback GL_EXT_vertex_array GL_EXT_vertex_array_bgra GL_EXT_vertex_attrib_64bit GL_IBM_texture_mirrored_repeat GL_KHR_context_flush_control GL_KHR_debug GL_KHR_no_error GL_KHR_parallel_shader_compile GL_KHR_robust_buffer_access_behavior GL_KHR_robustness GL_KTX_buffer_region GL_NV_alpha_to_coverage_dither_control GL_NV_blend_square GL_NV_conditional_render GL_NV_copy_depth_to_color GL_NV_copy_image GL_NV_depth_buffer_float GL_NV_explicit_multisample GL_NV_float_buffer GL_NV_half_float GL_NV_primitive_restart GL_NV_shader_atomic_int64 GL_NV_texgen_reflection GL_NV_texture_barrier GL_OES_EGL_image GL_SGIS_generate_mipmap GL_SGIS_texture_edge_clamp GL_SGIS_texture_lod GL_SUN_multi_draw_arrays GL_WIN_swap_hint WGL_EXT_swap_control 
2022/06/21 21:57:51 OpenGL initialized!
2022/06/21 21:57:51 Quicksand Bold loaded!
2022/06/21 21:57:51 Initializing BASS...
2022/06/21 21:57:51 BASS Initialized!
2022/06/21 21:57:51 BASS Version:        2.4.16.1
2022/06/21 21:57:51 BASS FX Version:     2.4.12.1
2022/06/21 21:57:51 BASS Mix Version:    2.4.10.0
2022/06/21 21:57:51 SkinManager: Skin "default" loaded.
2022/06/21 21:57:51 Loading texture into atlas: assets/textures/cursor.png
2022/06/21 21:57:51 Loading texture into atlas: assets/textures/cursor-top.png
2022/06/21 21:57:51 Loading texture into atlas: assets/default-skin/hit50.png
2022/06/21 21:57:51 Loading texture into atlas: assets/default-skin/hit100.png
2022/06/21 21:57:51 Loading texture into atlas: assets/textures/triangle.png
2022/06/21 21:57:51 Loading texture into atlas: assets/textures/triangle-shadow.png
2022/06/21 21:57:51 Loading texture into atlas: assets/textures/triangle-small.png
2022/06/21 21:57:51 Loading texture into atlas: assets/textures/cross.png
2022/06/21 21:57:51 Loading texture: assets/textures/cursortrail.png
2022/06/21 21:57:51 Playing: Marshmello - Alone [Hazu's Insane]
2022/06/21 21:57:51 Audio track: audio.mp3
2022/06/21 21:57:51 Loading texture into atlas: assets/textures/warning.png
2022/06/21 21:57:52 Loading:  D:\Project\osu-discord-bot\plays\osr\DILAN_NAXUY_-_Marshmello_-_Alone_Hazus_Insane_2022-06-03_Osu.osr
2022/06/21 21:57:52 Loading replay for "DILAN_NAXUY":
2022/06/21 21:57:52 	Mods: DT
2022/06/21 21:57:52 	Mean cv frametime: 16.00ms
2022/06/21 21:57:52 	Expected score: 3587725
2022/06/21 21:57:52 	Expected pp: NaN
2022/06/21 21:57:52 	Replay loaded!
2022/06/21 21:57:52 Creating osu! ruleset...
2022/06/21 21:57:52 Using pp calc version 2021-11-09 with hotfix: https://osu.ppy.sh/home/news/2021-11-09-performance-points-star-rating-updates
2022/06/21 21:57:52 Calculating step SR for mods: DT
2022/06/21 21:57:52 Calculations finished!
2022/06/21 21:57:52 Stars:
2022/06/21 21:57:52 	Aim:   2.71498812916995
2022/06/21 21:57:52 	Speed: 2.896017645206886
2022/06/21 21:57:52 	Total: 5.834125150685698
2022/06/21 21:57:52 SS PP:
2022/06/21 21:57:52 	Aim:   79.2918614209279
2022/06/21 21:57:52 	Tap:   101.66533951079514
2022/06/21 21:57:52 	Acc:   85.24987175823561
2022/06/21 21:57:52 	Total: 269.9642856890126
2022/06/21 21:57:52 Calculating HP rates for "DILAN_NAXUY􏿿"...
2022/06/21 21:57:52 	Passive drain rate: 15.317743933244179
2022/06/21 21:57:52 	Normal multiplier: 1
2022/06/21 21:57:52 	Combo end multiplier: 1
2022/06/21 21:57:53 Ubuntu Regular loaded!
2022/06/21 21:57:53 Please put your osu!api v1 key into 'D:\Project\osu-discord-bot\danser--go\settings\api.txt' file
2022/06/21 21:57:53 Creating HitObject container...
2022/06/21 21:57:53 Container created.
2022/06/21 21:57:53 SkinManager: Texture uploaded as single texture: cursor-ripple.png
2022/06/21 21:57:53 SkinManager: Texture uploaded as single texture: scorebar-bg.png
2022/06/21 21:57:53 SkinManager: Texture uploaded as single texture: menu-button-background.png
2022/06/21 21:57:53 Starting encoding!
2022/06/21 21:57:53 Running ffmpeg with options: [-y -f rawvideo -vcodec rawvideo -s 1920x1080 -pix_fmt yuv420p -r 60 -i - -an -vf vflip -profile:v high -preset faster -c:v libx264 -color_range 1 -colorspace 1 -color_trc 1 -color_primaries 1 -movflags +write_colr -crf 14 D:\Project\osu-discord-bot\danser--go\videos\danser_2022-06-21_21-57-53_temp\video.mp4]
2022/06/21 21:57:53 Running ffmpeg with options: [-y -f f32le -acodec pcm_f32le -ar 48000 -ac 2 -i - -nostats -vn -c:a aac -b:a 320k D:\Project\osu-discord-bot\danser--go\videos\danser_2022-06-21_21-57-53_temp\audio.mp4]
2022/06/21 21:57:56 Progress: 5%, Speed: 1.67x, ETA: 01m23s
2022/06/21 21:57:59 Progress: 10%, Speed: 1.88x, ETA: 01m10s
2022/06/21 21:58:02 Progress: 15%, Speed: 1.64x, ETA: 01m16s
2022/06/21 21:58:04 Progress: 20%, Speed: 1.83x, ETA: 01m04s
2022/06/21 21:58:07 Progress: 25%, Speed: 1.74x, ETA: 01m03s
2022/06/21 21:58:10 Progress: 30%, Speed: 1.73x, ETA: 59s
2022/06/21 21:58:13 Progress: 35%, Speed: 1.71x, ETA: 56s
2022/06/21 21:58:16 Progress: 40%, Speed: 1.53x, ETA: 57s
2022/06/21 21:58:19 Progress: 45%, Speed: 1.52x, ETA: 53s
2022/06/21 21:58:22 Progress: 50%, Speed: 1.66x, ETA: 44s
2022/06/21 21:58:25 Progress: 55%, Speed: 1.77x, ETA: 37s
2022/06/21 21:58:28 Progress: 60%, Speed: 1.75x, ETA: 33s
2022/06/21 21:58:31 Progress: 65%, Speed: 1.71x, ETA: 30s
2022/06/21 21:58:33 Progress: 70%, Speed: 1.75x, ETA: 25s
2022/06/21 21:58:36 Progress: 75%, Speed: 1.65x, ETA: 22s
2022/06/21 21:58:39 Progress: 80%, Speed: 1.76x, ETA: 17s
2022/06/21 21:58:42 Progress: 85%, Speed: 1.69x, ETA: 13s
2022/06/21 21:58:45 Progress: 90%, Speed: 1.70x, ETA: 09s
2022/06/21 21:58:48 Progress: 95%, Speed: 1.70x, ETA: 04s
2022/06/21 21:58:48 +---+--------------+-----------+----------+-------+-----+-----+----+------+-------+-----------+------+--------+
2022/06/21 21:58:48 | # |    PLAYER    |   SCORE   | ACCURACY | GRADE | 300 | 100 | 50 | MISS | COMBO | MAX COMBO | MODS |   PP   |
2022/06/21 21:58:48 +---+--------------+-----------+----------+-------+-----+-----+----+------+-------+-----------+------+--------+
2022/06/21 21:58:48 | 1 | DILAN_NAXUY􏿿 | 3,587,725 |    94.28 | A     | 318 |  27 |  1 |    1 |   136 |       405 | DT   | 128.94 |
2022/06/21 21:58:48 +---+--------------+-----------+----------+-------+-----+-----+----+------+-------+-----------+------+--------+
2022/06/21 21:58:48 
2022/06/21 21:58:49 SkinManager: Texture uploaded as single texture: ranking-panel.png
2022/06/21 21:58:52 Progress: 100%, Speed: 1.74x, ETA: 00s
2022/06/21 21:58:52 Finishing rendering...
2022/06/21 21:58:52 Finished! Stopping video videoPipe...
2022/06/21 21:58:52 Finished! Stopping audio videoPipe...
2022/06/21 21:58:52 Pipes closed.
2022/06/21 21:58:53 Ffmpeg finished.
2022/06/21 21:58:53 Starting composing audio and video into one file...
2022/06/21 21:58:53 Running ffmpeg with options: [-y -i D:\Project\osu-discord-bot\danser--go\videos\danser_2022-06-21_21-57-53_temp\video.mp4 -i D:\Project\osu-discord-bot\danser--go\videos\danser_2022-06-21_21-57-53_temp\audio.mp4 -c:v copy -c:a copy -movflags +faststart D:\Project\osu-discord-bot\danser--go\videos\danser_2022-06-21_21-57-53.mp4]
2022/06/21 21:58:53 Finished!
2022/06/21 21:58:53 Cleaning up intermediate files...
2022/06/21 21:58:53 Finished.
